<?xml version="1.0" encoding="utf-8"?><testsuites name="pytest tests"><testsuite name="pytest" errors="0" failures="0" skipped="0" tests="12" time="4.872" timestamp="2026-06-05T05:56:49.432144+00:00" hostname="agent-env-cc21ed68-62f5-46cd-a467-b687f0fb3c90"><testcase classname="backend.tests.test_admin_ai_analytics.TestAdminAIAnalyticsAuth" name="test_admin_ai_analytics_no_auth_returns_401_or_403" time="0.121" /><testcase classname="backend.tests.test_admin_ai_analytics.TestAdminAIAnalyticsAuth" name="test_admin_ai_analytics_job_seeker_returns_403" time="0.429" /><testcase classname="backend.tests.test_admin_ai_analytics.TestAdminAIAnalyticsAuth" name="test_admin_ai_analytics_recruiter_returns_403" time="0.412" /><testcase classname="backend.tests.test_admin_ai_analytics.TestAdminAIAnalyticsData" name="test_admin_ai_analytics_returns_200" time="2.814" /><testcase classname="backend.tests.test_admin_ai_analytics.TestAdminAIAnalyticsData" name="test_admin_ai_analytics_has_summary" time="0.123" /><testcase classname="backend.tests.test_admin_ai_analytics.TestAdminAIAnalyticsData" name="test_admin_ai_analytics_has_revenue_by_feature" time="0.116" /><testcase classname="backend.tests.test_admin_ai_analytics.TestAdminAIAnalyticsData" name="test_admin_ai_analytics_has_daily_trend" time="0.118" /><testcase classname="backend.tests.test_admin_ai_analytics.TestAdminAIAnalyticsData" name="test_admin_ai_analytics_has_top_users" time="0.123" /><testcase classname="backend.tests.test_admin_ai_analytics.TestAdminAIAnalyticsData" name="test_admin_ai_analytics_has_wallet_stats" time="0.130" /><testcase classname="backend.tests.test_admin_ai_analytics.TestAdminAIAnalyticsData" name="test_admin_ai_analytics_has_auto_topup_stats" time="0.107" /><testcase classname="backend.tests.test_admin_ai_analytics.TestAdminAIAnalyticsData" name="test_admin_ai_analytics_has_recent_transactions" time="0.110" /><testcase classname="backend.tests.test_admin_ai_analytics.TestAdminAIAnalyticsData" name="test_admin_ai_analytics_has_pricing" time="0.118" /></testsuite></testsuites>