<?xml version="1.0" encoding="utf-8"?><testsuites name="pytest tests"><testsuite name="pytest" errors="0" failures="0" skipped="0" tests="7" time="6.179" timestamp="2026-06-04T12:14:47.847591+00:00" hostname="agent-env-cc21ed68-62f5-46cd-a467-b687f0fb3c90"><testcase classname="backend.tests.test_change_password.TestChangePassword" name="test_change_password_requires_auth" time="0.129" /><testcase classname="backend.tests.test_change_password.TestChangePassword" name="test_change_password_wrong_current_password" time="0.693" /><testcase classname="backend.tests.test_change_password.TestChangePassword" name="test_change_password_too_short" time="0.400" /><testcase classname="backend.tests.test_change_password.TestChangePassword" name="test_change_password_same_password" time="0.416" /><testcase classname="backend.tests.test_change_password.TestChangePassword" name="test_change_password_missing_fields" time="0.498" /><testcase classname="backend.tests.test_change_password.TestChangePassword" name="test_change_password_success_and_revert" time="2.113" /><testcase classname="backend.tests.test_change_password.TestChangePassword" name="test_change_password_recruiter" time="1.785" /></testsuite></testsuites>