<?xml version="1.0" encoding="utf-8"?><testsuites name="pytest tests"><testsuite name="pytest" errors="0" failures="0" skipped="0" tests="13" time="13.750" timestamp="2026-06-04T12:04:43.881159+00:00" hostname="agent-env-cc21ed68-62f5-46cd-a467-b687f0fb3c90"><testcase classname="backend.tests.test_ai_sidekick.TestAISidekickWallet" name="test_get_wallet_balance" time="0.437" /><testcase classname="backend.tests.test_ai_sidekick.TestAISidekickWallet" name="test_wallet_topup_success" time="0.498" /><testcase classname="backend.tests.test_ai_sidekick.TestAISidekickWallet" name="test_wallet_topup_invalid_amount_zero" time="0.422" /><testcase classname="backend.tests.test_ai_sidekick.TestAISidekickWallet" name="test_wallet_topup_invalid_amount_negative" time="0.379" /><testcase classname="backend.tests.test_ai_sidekick.TestAISidekickWallet" name="test_wallet_topup_invalid_amount_too_large" time="0.380" /><testcase classname="backend.tests.test_ai_sidekick.TestAIPricing" name="test_get_ai_pricing" time="2.643" /><testcase classname="backend.tests.test_ai_sidekick.TestAIMatchScore" name="test_match_score_missing_job_id" time="0.425" /><testcase classname="backend.tests.test_ai_sidekick.TestAIMatchScore" name="test_match_score_success" time="7.213" /><testcase classname="backend.tests.test_ai_sidekick.TestAIMatchScore" name="test_get_cached_match_scores" time="0.402" /><testcase classname="backend.tests.test_ai_sidekick.TestAIInsufficientBalance" name="test_insufficient_balance_returns_402" time="0.433" /><testcase classname="backend.tests.test_ai_sidekick.TestAIEndpointsAuth" name="test_wallet_requires_auth" time="0.121" /><testcase classname="backend.tests.test_ai_sidekick.TestAIEndpointsAuth" name="test_pricing_requires_auth" time="0.129" /><testcase classname="backend.tests.test_ai_sidekick.TestAIEndpointsAuth" name="test_match_score_requires_auth" time="0.082" /></testsuite></testsuites>