<?xml version="1.0" encoding="utf-8"?><testsuites name="pytest tests"><testsuite name="pytest" errors="0" failures="6" skipped="0" tests="23" time="6.391" timestamp="2026-02-09T15:48:21.484672+00:00" hostname="agent-env-058ebc97-e401-4ac9-808f-56d1ffb94973"><testcase classname="tests.test_onboarding.TestOnboardingAPIs" name="test_job_seeker_login_success" time="0.346" /><testcase classname="tests.test_onboarding.TestOnboardingAPIs" name="test_recruiter_login_success" time="0.264" /><testcase classname="tests.test_onboarding.TestOnboardingAPIs" name="test_admin_login_success" time="0.260" /><testcase classname="tests.test_onboarding.TestOnboardingAPIs" name="test_onboarding_status_endpoint" time="0.268" /><testcase classname="tests.test_onboarding.TestOnboardingAPIs" name="test_onboarding_status_requires_auth" time="0.021" /><testcase classname="tests.test_onboarding.TestOnboardingAPIs" name="test_save_step_1_location" time="0.276" /><testcase classname="tests.test_onboarding.TestOnboardingAPIs" name="test_save_step_2_professional" time="0.266" /><testcase classname="tests.test_onboarding.TestOnboardingAPIs" name="test_save_step_3_skills" time="0.270" /><testcase classname="tests.test_onboarding.TestOnboardingAPIs" name="test_save_step_4_cv_info" time="0.267" /><testcase classname="tests.test_onboarding.TestOnboardingAPIs" name="test_save_step_5_experience" time="0.270" /><testcase classname="tests.test_onboarding.TestOnboardingAPIs" name="test_save_step_6_profile_boost" time="0.275" /><testcase classname="tests.test_onboarding.TestOnboardingAPIs" name="test_save_invalid_step" time="0.290" /><testcase classname="tests.test_onboarding.TestOnboardingAPIs" name="test_skip_onboarding_endpoint" time="0.264" /><testcase classname="tests.test_onboarding.TestOnboardingAPIs" name="test_skip_onboarding_requires_auth" time="0.024" /><testcase classname="tests.test_onboarding.TestFileUploadAPIs" name="test_cv_upload_endpoint_exists" time="0.283"><failure message="AssertionError: Expected 400/422, got 405: {&quot;detail&quot;:&quot;Method Not Allowed&quot;}&#10;assert 405 in [400, 422]&#10; +  where 405 = &lt;Response [405]&gt;.status_code">tests/test_onboarding.py:313: in test_cv_upload_endpoint_exists
    assert response.status_code in [400, 422], f"Expected 400/422, got {response.status_code}: {response.text}"
E   AssertionError: Expected 400/422, got 405: {"detail":"Method Not Allowed"}
E   assert 405 in [400, 422]
E    +  where 405 = &lt;Response [405]&gt;.status_code</failure></testcase><testcase classname="tests.test_onboarding.TestFileUploadAPIs" name="test_cv_upload_with_test_file" time="0.265"><failure message="AssertionError: Expected 200, got 405: {&quot;detail&quot;:&quot;Method Not Allowed&quot;}&#10;assert 405 == 200&#10; +  where 405 = &lt;Response [405]&gt;.status_code">tests/test_onboarding.py:326: in test_cv_upload_with_test_file
    assert response.status_code == 200, f"Expected 200, got {response.status_code}: {response.text}"
E   AssertionError: Expected 200, got 405: {"detail":"Method Not Allowed"}
E   assert 405 == 200
E    +  where 405 = &lt;Response [405]&gt;.status_code</failure></testcase><testcase classname="tests.test_onboarding.TestFileUploadAPIs" name="test_profile_picture_upload_endpoint" time="0.307"><failure message="AssertionError: Expected 400/422, got 405: {&quot;detail&quot;:&quot;Method Not Allowed&quot;}&#10;assert 405 in [400, 422]&#10; +  where 405 = &lt;Response [405]&gt;.status_code">tests/test_onboarding.py:339: in test_profile_picture_upload_endpoint
    assert response.status_code in [400, 422], f"Expected 400/422, got {response.status_code}: {response.text}"
E   AssertionError: Expected 400/422, got 405: {"detail":"Method Not Allowed"}
E   assert 405 in [400, 422]
E    +  where 405 = &lt;Response [405]&gt;.status_code</failure></testcase><testcase classname="tests.test_onboarding.TestFileUploadAPIs" name="test_profile_picture_upload_with_image" time="0.261"><failure message="AssertionError: Expected 200, got 405: {&quot;detail&quot;:&quot;Method Not Allowed&quot;}&#10;assert 405 == 200&#10; +  where 405 = &lt;Response [405]&gt;.status_code">tests/test_onboarding.py:357: in test_profile_picture_upload_with_image
    assert response.status_code == 200, f"Expected 200, got {response.status_code}: {response.text}"
E   AssertionError: Expected 200, got 405: {"detail":"Method Not Allowed"}
E   assert 405 == 200
E    +  where 405 = &lt;Response [405]&gt;.status_code</failure></testcase><testcase classname="tests.test_onboarding.TestFileUploadAPIs" name="test_document_upload_endpoint" time="0.304"><failure message="AssertionError: Expected 400/422, got 405: {&quot;detail&quot;:&quot;Method Not Allowed&quot;}&#10;assert 405 in [400, 422]&#10; +  where 405 = &lt;Response [405]&gt;.status_code">tests/test_onboarding.py:369: in test_document_upload_endpoint
    assert response.status_code in [400, 422], f"Expected 400/422, got {response.status_code}: {response.text}"
E   AssertionError: Expected 400/422, got 405: {"detail":"Method Not Allowed"}
E   assert 405 in [400, 422]
E    +  where 405 = &lt;Response [405]&gt;.status_code</failure></testcase><testcase classname="tests.test_onboarding.TestFileUploadAPIs" name="test_document_upload_with_file" time="0.262"><failure message="AssertionError: Expected 200, got 405: {&quot;detail&quot;:&quot;Method Not Allowed&quot;}&#10;assert 405 == 200&#10; +  where 405 = &lt;Response [405]&gt;.status_code">tests/test_onboarding.py:381: in test_document_upload_with_file
    assert response.status_code == 200, f"Expected 200, got {response.status_code}: {response.text}"
E   AssertionError: Expected 200, got 405: {"detail":"Method Not Allowed"}
E   assert 405 == 200
E    +  where 405 = &lt;Response [405]&gt;.status_code</failure></testcase><testcase classname="tests.test_onboarding.TestOnboardingUserFlow" name="test_onboarding_completed_flag_after_step6" time="0.309" /><testcase classname="tests.test_onboarding.TestOnboardingUserFlow" name="test_progress_bar_percentages" time="0.407" /><testcase classname="tests.test_onboarding.TestOnboardingUserFlow" name="test_auth_me_includes_onboarding_fields" time="0.264" /></testsuite></testsuites>