<?xml version="1.0" encoding="utf-8"?><testsuites name="pytest tests"><testsuite name="pytest" errors="0" failures="0" skipped="0" tests="27" time="11.219" timestamp="2026-02-24T10:33:33.933502+00:00" hostname="agent-env-5110d123-2d7e-41a2-a254-d71b8ceddf7c"><testcase classname="tests.test_billing_system.TestBillingAuthentication" name="test_active_recruiter_login" time="0.385" /><testcase classname="tests.test_billing_system.TestBillingAuthentication" name="test_past_due_recruiter_login" time="0.322" /><testcase classname="tests.test_billing_system.TestBillingHistory" name="test_billing_history_returns_200" time="0.440" /><testcase classname="tests.test_billing_system.TestBillingHistory" name="test_billing_history_response_structure" time="0.457" /><testcase classname="tests.test_billing_system.TestBillingHistory" name="test_billing_history_pagination" time="0.412" /><testcase classname="tests.test_billing_system.TestBillingHistory" name="test_billing_history_date_filter" time="0.400" /><testcase classname="tests.test_billing_system.TestBillingHistory" name="test_billing_history_unauthenticated" time="0.100" /><testcase classname="tests.test_billing_system.TestBillingStatement" name="test_statement_html_generation" time="0.434" /><testcase classname="tests.test_billing_system.TestBillingStatement" name="test_statement_contains_company_details" time="0.405" /><testcase classname="tests.test_billing_system.TestBillingStatement" name="test_statement_json_format" time="0.409" /><testcase classname="tests.test_billing_system.TestBillingStatement" name="test_statement_invalid_date_format" time="0.416" /><testcase classname="tests.test_billing_system.TestSubscriptionStatus" name="test_subscription_status_returns_200" time="0.475" /><testcase classname="tests.test_billing_system.TestSubscriptionStatus" name="test_subscription_status_for_active_account" time="0.426" /><testcase classname="tests.test_billing_system.TestSubscriptionStatus" name="test_subscription_status_for_past_due_account" time="0.431" /><testcase classname="tests.test_billing_system.TestSubscriptionStatus" name="test_subscription_status_includes_billing_day" time="0.409" /><testcase classname="tests.test_billing_system.TestExtraSeatsProRata" name="test_extra_seats_endpoint_exists" time="0.409" /><testcase classname="tests.test_billing_system.TestExtraSeatsProRata" name="test_extra_seats_prorata_free_period" time="0.404" /><testcase classname="tests.test_billing_system.TestExtraSeatsProRata" name="test_extra_seats_quantity_validation" time="0.491" /><testcase classname="tests.test_billing_system.TestBillingAccountInfo" name="test_account_info_returns_200" time="0.398" /><testcase classname="tests.test_billing_system.TestBillingAccountInfo" name="test_account_info_has_billing_day" time="0.422" /><testcase classname="tests.test_billing_system.TestBillingAccountInfo" name="test_account_info_has_tier_info" time="0.432" /><testcase classname="tests.test_billing_system.TestBillingAccountInfo" name="test_account_info_has_dates" time="0.416" /><testcase classname="tests.test_billing_system.TestBillingSummary" name="test_billing_summary_returns_200" time="0.412" /><testcase classname="tests.test_billing_system.TestBillingSummary" name="test_billing_summary_structure" time="0.410" /><testcase classname="tests.test_billing_system.TestBillingEndpoint" name="test_billing_endpoint_returns_200" time="0.456" /><testcase classname="tests.test_billing_system.TestBillingEndpoint" name="test_billing_includes_tier_info" time="0.442" /><testcase classname="tests.test_billing_system.TestBillingEndpoint" name="test_billing_includes_charges" time="0.414" /></testsuite></testsuites>