<?xml version="1.0" encoding="utf-8"?><testsuites name="pytest tests"><testsuite name="pytest" errors="0" failures="1" skipped="0" tests="27" time="11.456" timestamp="2026-02-24T10:33:05.007503+00:00" hostname="agent-env-5110d123-2d7e-41a2-a254-d71b8ceddf7c"><testcase classname="tests.test_billing_system.TestBillingAuthentication" name="test_active_recruiter_login" time="0.542" /><testcase classname="tests.test_billing_system.TestBillingAuthentication" name="test_past_due_recruiter_login" time="0.318" /><testcase classname="tests.test_billing_system.TestBillingHistory" name="test_billing_history_returns_200" time="0.422" /><testcase classname="tests.test_billing_system.TestBillingHistory" name="test_billing_history_response_structure" time="0.409" /><testcase classname="tests.test_billing_system.TestBillingHistory" name="test_billing_history_pagination" time="0.414" /><testcase classname="tests.test_billing_system.TestBillingHistory" name="test_billing_history_date_filter" time="0.419" /><testcase classname="tests.test_billing_system.TestBillingHistory" name="test_billing_history_unauthenticated" time="0.097" /><testcase classname="tests.test_billing_system.TestBillingStatement" name="test_statement_html_generation" time="0.414" /><testcase classname="tests.test_billing_system.TestBillingStatement" name="test_statement_contains_company_details" time="0.447"><failure message="AssertionError: Missing JobRocket email&#10;assert 'billing@jobrocket.co.za' in '\n        &lt;!DOCTYPE html&gt;\n        &lt;html&gt;\n        &lt;head&gt;\n            &lt;meta charset=&quot;UTF-8&quot;&gt;\n            &lt;title&gt;Statement - STM-A91D2838-20260224&lt;/title&gt;\n            &lt;style&gt;\n                body {\n                    font-family: -apple-system, BlinkMacSystemFont, \'Segoe UI\', Roboto, Oxygen, Ubuntu, sans-serif;\n                    line-height: 1.6;\n                    color: #1f2937;\n                    max-width: 800px;\n                    margin: 0 auto;\n                    padding: 40px 20px;\n                }\n                .header {\n                    display: flex;\n                    justify-content: space-between;\n                    align-items: flex-start;\n                    margin-bottom: 40px;\n                    padding-bottom: 20px;\n                    border-bottom: 2px solid #2563eb;\n                }\n                .logo {\n                    font-size: 28px;\n                    font-weight: 700;\n                    color: #2563eb;\n                }\n                .statement-info {\n                    text-align: right;\n                }\n                .statement-number {\n                    font-size: 14px;\n                ...Payments&lt;/span&gt;\n                    &lt;span style=&quot;color: #eab308;&quot;&gt;R 514.96&lt;/span&gt;\n                &lt;/div&gt;\n                &lt;div class=&quot;summary-row&quot;&gt;\n                    &lt;span&gt;Failed Payments&lt;/span&gt;\n                    &lt;span style=&quot;color: #ef4444;&quot;&gt;R 0.00&lt;/span&gt;\n                &lt;/div&gt;\n                &lt;div class=&quot;summary-row summary-total&quot;&gt;\n                    &lt;span&gt;Net Amount Paid&lt;/span&gt;\n                    &lt;span style=&quot;color: #2563eb;&quot;&gt;R 0.00&lt;/span&gt;\n                &lt;/div&gt;\n            &lt;/div&gt;\n            \n            &lt;div class=&quot;footer&quot;&gt;\n                &lt;p&gt;JobRocket (Pty) Ltd | www.jobrocket.co.za&lt;/p&gt;\n                &lt;p&gt;For billing inquiries, contact &lt;a href=&quot;/cdn-cgi/l/email-protection&quot; class=&quot;__cf_email__&quot; data-cfemail=&quot;dfbdb6b3b3b6b1b89fb5b0bdadb0bcb4baabf1bcb0f1a5be&quot;&gt;[email&amp;#160;protected]&lt;/a&gt; or +27 11 123 4567&lt;/p&gt;\n                &lt;p style=&quot;margin-top: 10px;&quot;&gt;\n                    &lt;strong&gt;Banking Details:&lt;/strong&gt; First National Bank | Account: 12345678901 | Branch: 250655\n                &lt;/p&gt;\n            &lt;/div&gt;\n        &lt;script data-cfasync=&quot;false&quot; src=&quot;/cdn-cgi/scripts/5c5dd728/cloudflare-static/email-decode.min.js&quot;&gt;&lt;/script&gt;&lt;/body&gt;\n        &lt;/html&gt;\n        '">tests/test_billing_system.py:170: in test_statement_contains_company_details
    assert "billing@jobrocket.co.za" in html, "Missing JobRocket email"
E   AssertionError: Missing JobRocket email
E   assert 'billing@jobrocket.co.za' in '\n        &lt;!DOCTYPE html&gt;\n        &lt;html&gt;\n        &lt;head&gt;\n            &lt;meta charset="UTF-8"&gt;\n            &lt;title&gt;Statement - STM-A91D2838-20260224&lt;/title&gt;\n            &lt;style&gt;\n                body {\n                    font-family: -apple-system, BlinkMacSystemFont, \'Segoe UI\', Roboto, Oxygen, Ubuntu, sans-serif;\n                    line-height: 1.6;\n                    color: #1f2937;\n                    max-width: 800px;\n                    margin: 0 auto;\n                    padding: 40px 20px;\n                }\n                .header {\n                    display: flex;\n                    justify-content: space-between;\n                    align-items: flex-start;\n                    margin-bottom: 40px;\n                    padding-bottom: 20px;\n                    border-bottom: 2px solid #2563eb;\n                }\n                .logo {\n                    font-size: 28px;\n                    font-weight: 700;\n                    color: #2563eb;\n                }\n                .statement-info {\n                    text-align: right;\n                }\n                .statement-number {\n                    font-size: 14px;\n                ...Payments&lt;/span&gt;\n                    &lt;span style="color: #eab308;"&gt;R 514.96&lt;/span&gt;\n                &lt;/div&gt;\n                &lt;div class="summary-row"&gt;\n                    &lt;span&gt;Failed Payments&lt;/span&gt;\n                    &lt;span style="color: #ef4444;"&gt;R 0.00&lt;/span&gt;\n                &lt;/div&gt;\n                &lt;div class="summary-row summary-total"&gt;\n                    &lt;span&gt;Net Amount Paid&lt;/span&gt;\n                    &lt;span style="color: #2563eb;"&gt;R 0.00&lt;/span&gt;\n                &lt;/div&gt;\n            &lt;/div&gt;\n            \n            &lt;div class="footer"&gt;\n                &lt;p&gt;JobRocket (Pty) Ltd | www.jobrocket.co.za&lt;/p&gt;\n                &lt;p&gt;For billing inquiries, contact &lt;a href="/cdn-cgi/l/email-protection" class="__cf_email__" data-cfemail="dfbdb6b3b3b6b1b89fb5b0bdadb0bcb4baabf1bcb0f1a5be"&gt;[email&amp;#160;protected]&lt;/a&gt; or +27 11 123 4567&lt;/p&gt;\n                &lt;p style="margin-top: 10px;"&gt;\n                    &lt;strong&gt;Banking Details:&lt;/strong&gt; First National Bank | Account: 12345678901 | Branch: 250655\n                &lt;/p&gt;\n            &lt;/div&gt;\n        &lt;script data-cfasync="false" src="/cdn-cgi/scripts/5c5dd728/cloudflare-static/email-decode.min.js"&gt;&lt;/script&gt;&lt;/body&gt;\n        &lt;/html&gt;\n        '</failure></testcase><testcase classname="tests.test_billing_system.TestBillingStatement" name="test_statement_json_format" time="0.445" /><testcase classname="tests.test_billing_system.TestBillingStatement" name="test_statement_invalid_date_format" time="0.416" /><testcase classname="tests.test_billing_system.TestSubscriptionStatus" name="test_subscription_status_returns_200" time="0.468" /><testcase classname="tests.test_billing_system.TestSubscriptionStatus" name="test_subscription_status_for_active_account" time="0.436" /><testcase classname="tests.test_billing_system.TestSubscriptionStatus" name="test_subscription_status_for_past_due_account" time="0.390" /><testcase classname="tests.test_billing_system.TestSubscriptionStatus" name="test_subscription_status_includes_billing_day" time="0.452" /><testcase classname="tests.test_billing_system.TestExtraSeatsProRata" name="test_extra_seats_endpoint_exists" time="0.407" /><testcase classname="tests.test_billing_system.TestExtraSeatsProRata" name="test_extra_seats_prorata_free_period" time="0.426" /><testcase classname="tests.test_billing_system.TestExtraSeatsProRata" name="test_extra_seats_quantity_validation" time="0.491" /><testcase classname="tests.test_billing_system.TestBillingAccountInfo" name="test_account_info_returns_200" time="0.453" /><testcase classname="tests.test_billing_system.TestBillingAccountInfo" name="test_account_info_has_billing_day" time="0.405" /><testcase classname="tests.test_billing_system.TestBillingAccountInfo" name="test_account_info_has_tier_info" time="0.407" /><testcase classname="tests.test_billing_system.TestBillingAccountInfo" name="test_account_info_has_dates" time="0.411" /><testcase classname="tests.test_billing_system.TestBillingSummary" name="test_billing_summary_returns_200" time="0.415" /><testcase classname="tests.test_billing_system.TestBillingSummary" name="test_billing_summary_structure" time="0.405" /><testcase classname="tests.test_billing_system.TestBillingEndpoint" name="test_billing_endpoint_returns_200" time="0.436" /><testcase classname="tests.test_billing_system.TestBillingEndpoint" name="test_billing_includes_tier_info" time="0.410" /><testcase classname="tests.test_billing_system.TestBillingEndpoint" name="test_billing_includes_charges" time="0.404" /></testsuite></testsuites>