<?xml version="1.0" encoding="utf-8"?><testsuites name="pytest tests"><testsuite name="pytest" errors="0" failures="0" skipped="0" tests="12" time="9.369" timestamp="2026-06-05T06:13:30.837129+00:00" hostname="agent-env-cc21ed68-62f5-46cd-a467-b687f0fb3c90"><testcase classname="backend.tests.test_ai_match_score.TestAIMatchEndpoint" name="test_ai_match_returns_401_without_auth" time="0.889" /><testcase classname="backend.tests.test_ai_match_score.TestAIMatchEndpoint" name="test_ai_match_returns_400_without_candidate_id" time="0.746" /><testcase classname="backend.tests.test_ai_match_score.TestAIMatchEndpoint" name="test_ai_match_returns_400_without_job_id" time="0.832" /><testcase classname="backend.tests.test_ai_match_score.TestAIMatchEndpoint" name="test_ai_match_returns_404_for_nonexistent_job" time="0.816" /><testcase classname="backend.tests.test_ai_match_score.TestAIMatchEndpoint" name="test_ai_match_job_seeker_cannot_access" time="0.729" /><testcase classname="backend.tests.test_ai_match_score.TestAIMatchEndpoint" name="test_ai_match_returns_cached_result" time="0.722" /><testcase classname="backend.tests.test_ai_match_score.TestAIMatchEndpoint" name="test_ai_match_result_structure" time="0.754" /><testcase classname="backend.tests.test_ai_match_score.TestAIMatchScoresEndpoint" name="test_get_match_scores_returns_401_without_auth" time="0.790" /><testcase classname="backend.tests.test_ai_match_score.TestAIMatchScoresEndpoint" name="test_get_match_scores_job_seeker_cannot_access" time="0.719" /><testcase classname="backend.tests.test_ai_match_score.TestAIMatchScoresEndpoint" name="test_get_match_scores_returns_cached_scores" time="0.720" /><testcase classname="backend.tests.test_ai_match_score.TestAIMatchScoresEndpoint" name="test_get_match_scores_filter_by_candidate" time="0.740" /><testcase classname="backend.tests.test_ai_match_score.TestAIMatchScoresEndpoint" name="test_get_match_scores_filter_by_job" time="0.757" /></testsuite></testsuites>