<?xml version="1.0" encoding="utf-8"?><testsuites name="pytest tests"><testsuite name="pytest" errors="0" failures="0" skipped="0" tests="6" time="2.163" timestamp="2026-04-05T13:52:37.664568+00:00" hostname="agent-env-cc21ed68-62f5-46cd-a467-b687f0fb3c90"><testcase classname="backend.tests.test_free_tier_feature.TestFreeTierFeature" name="test_tiers_endpoint_excludes_free" time="0.116" /><testcase classname="backend.tests.test_free_tier_feature.TestFreeTierFeature" name="test_billing_endpoint_for_active_tier" time="0.374" /><testcase classname="backend.tests.test_free_tier_feature.TestFreeTierFeature" name="test_auth_me_returns_tier_for_recruiter" time="0.370" /><testcase classname="backend.tests.test_free_tier_feature.TestFreeTierFeature" name="test_new_recruiter_gets_free_tier" time="0.382" /><testcase classname="backend.tests.test_free_tier_feature.TestFreeTierFeature" name="test_billing_endpoint_for_free_tier" time="0.386" /><testcase classname="backend.tests.test_free_tier_feature.TestAdminFreeTierOption" name="test_admin_can_access_accounts" time="0.416" /></testsuite></testsuites>