<?xml version="1.0" encoding="utf-8"?><testsuites name="pytest tests"><testsuite name="pytest" errors="0" failures="0" skipped="0" tests="19" time="9.231" timestamp="2026-02-09T14:37:18.387344+00:00" hostname="agent-env-058ebc97-e401-4ac9-808f-56d1ffb94973"><testcase classname="backend.tests.test_p1_features.TestAuthentication" name="test_pro_recruiter_login" time="0.335" /><testcase classname="backend.tests.test_p1_features.TestAuthentication" name="test_starter_recruiter_login" time="0.265" /><testcase classname="backend.tests.test_p1_features.TestAuthentication" name="test_admin_login" time="0.256" /><testcase classname="backend.tests.test_p1_features.TestBillingPage" name="test_get_billing_summary" time="0.284" /><testcase classname="backend.tests.test_p1_features.TestBillingPage" name="test_get_billing_history" time="0.289" /><testcase classname="backend.tests.test_p1_features.TestBillingPage" name="test_get_addons" time="0.289" /><testcase classname="backend.tests.test_p1_features.TestBillingPage" name="test_get_extra_seats" time="0.292" /><testcase classname="backend.tests.test_p1_features.TestBulkUpload" name="test_download_csv_template" time="0.588" /><testcase classname="backend.tests.test_p1_features.TestBulkUpload" name="test_download_xlsx_template" time="1.127" /><testcase classname="backend.tests.test_p1_features.TestBulkUpload" name="test_bulk_upload_csv_pro_tier" time="0.539" /><testcase classname="backend.tests.test_p1_features.TestBulkUpload" name="test_bulk_upload_rejects_invalid_format" time="0.543" /><testcase classname="backend.tests.test_p1_features.TestBulkUpload" name="test_bulk_upload_starter_tier_blocked" time="0.583" /><testcase classname="backend.tests.test_p1_features.TestAIMatchingStatus" name="test_recruiter_ai_matching_status" time="0.562" /><testcase classname="backend.tests.test_p1_features.TestAIMatchingStatus" name="test_admin_ai_matching_status" time="0.537" /><testcase classname="backend.tests.test_p1_features.TestAdminStats" name="test_admin_stats_endpoint" time="0.552" /><testcase classname="backend.tests.test_p1_features.TestAdminStats" name="test_admin_stats_blocked_for_recruiter" time="0.547" /><testcase classname="backend.tests.test_p1_features.TestAdminStats" name="test_admin_toggle_ai_matching" time="0.545" /><testcase classname="backend.tests.test_p1_features.TestAdminStats" name="test_recruiter_cannot_toggle_ai" time="0.537" /><testcase classname="backend.tests.test_p1_features.TestCleanup" name="test_cleanup_test_jobs" time="0.321" /></testsuite></testsuites>