<?xml version="1.0" encoding="utf-8"?><testsuites name="pytest tests"><testsuite name="pytest" errors="0" failures="0" skipped="0" tests="13" time="3.675" timestamp="2026-02-09T18:35:50.119304+00:00" hostname="agent-env-058ebc97-e401-4ac9-808f-56d1ffb94973"><testcase classname="tests.test_recruiter_onboarding.TestAuthLogin" name="test_recruiter_login_success" time="0.331" /><testcase classname="tests.test_recruiter_onboarding.TestAuthLogin" name="test_admin_login_success" time="0.294" /><testcase classname="tests.test_recruiter_onboarding.TestAuthLogin" name="test_job_seeker_login_success" time="0.258" /><testcase classname="tests.test_recruiter_onboarding.TestRecruiterOnboardingStatus" name="test_get_onboarding_status" time="0.282" /><testcase classname="tests.test_recruiter_onboarding.TestRecruiterOnboardingStepSave" name="test_step1_company_basics" time="0.311" /><testcase classname="tests.test_recruiter_onboarding.TestRecruiterOnboardingStepSave" name="test_step2_hiring_preferences" time="0.280" /><testcase classname="tests.test_recruiter_onboarding.TestRecruiterOnboardingStepSave" name="test_step3_candidate_access" time="0.276" /><testcase classname="tests.test_recruiter_onboarding.TestRecruiterOnboardingStepSave" name="test_step4_activate_post_job" time="0.276" /><testcase classname="tests.test_recruiter_onboarding.TestRecruiterOnboardingStepSave" name="test_step5_distribution" time="0.296" /><testcase classname="tests.test_recruiter_onboarding.TestRecruiterOnboardingStepSave" name="test_step6_go_live" time="0.279" /><testcase classname="tests.test_recruiter_onboarding.TestRecruiterOnboardingSkip" name="test_skip_onboarding" time="0.274" /><testcase classname="tests.test_recruiter_onboarding.TestAccountUpdateFromOnboarding" name="test_account_updated_after_step1" time="0.333" /><testcase classname="tests.test_recruiter_onboarding.TestRecruiterProgressMapping" name="test_progress_mapping_constants" time="0.000" /></testsuite></testsuites>