<?xml version="1.0" encoding="utf-8"?><testsuites name="pytest tests"><testsuite name="pytest" errors="0" failures="0" skipped="0" tests="10" time="4.673" timestamp="2026-03-16T09:04:57.294250+00:00" hostname="agent-env-eaf6ad5b-8fd7-4c3e-8627-f784246e2839"><testcase classname="tests.test_job_seeker_profile.TestJobSeekerProfile" name="test_login_as_job_seeker" time="0.375" /><testcase classname="tests.test_job_seeker_profile.TestJobSeekerProfile" name="test_get_profile_with_me_endpoint" time="0.416" /><testcase classname="tests.test_job_seeker_profile.TestJobSeekerProfile" name="test_profile_picture_upload_endpoint_exists" time="0.417" /><testcase classname="tests.test_job_seeker_profile.TestJobSeekerProfile" name="test_video_upload_endpoint_exists" time="0.428" /><testcase classname="tests.test_job_seeker_profile.TestJobSeekerProfile" name="test_update_profile_with_media_links" time="0.499" /><testcase classname="tests.test_job_seeker_profile.TestJobSeekerProfile" name="test_profile_progress_has_expected_fields" time="0.427" /><testcase classname="tests.test_job_seeker_profile.TestJobSeekerProfile" name="test_add_work_experience_updates_progress" time="0.610" /><testcase classname="tests.test_job_seeker_profile.TestJobSeekerProfile" name="test_profile_update_basic_info" time="0.433" /><testcase classname="tests.test_job_seeker_profile.TestHeaderDropdownNavigation" name="test_profile_endpoint_accessible" time="0.465" /><testcase classname="tests.test_job_seeker_profile.TestHeaderDropdownNavigation" name="test_notifications_route_exists" time="0.462" /></testsuite></testsuites>