<?xml version="1.0" encoding="utf-8"?><testsuites name="pytest tests"><testsuite name="pytest" errors="0" failures="0" skipped="0" tests="23" time="5.990" timestamp="2026-02-09T15:50:33.806175+00:00" hostname="agent-env-058ebc97-e401-4ac9-808f-56d1ffb94973"><testcase classname="tests.test_onboarding.TestOnboardingAPIs" name="test_job_seeker_login_success" time="0.286" /><testcase classname="tests.test_onboarding.TestOnboardingAPIs" name="test_recruiter_login_success" time="0.260" /><testcase classname="tests.test_onboarding.TestOnboardingAPIs" name="test_admin_login_success" time="0.257" /><testcase classname="tests.test_onboarding.TestOnboardingAPIs" name="test_onboarding_status_endpoint" time="0.267" /><testcase classname="tests.test_onboarding.TestOnboardingAPIs" name="test_onboarding_status_requires_auth" time="0.029" /><testcase classname="tests.test_onboarding.TestOnboardingAPIs" name="test_save_step_1_location" time="0.267" /><testcase classname="tests.test_onboarding.TestOnboardingAPIs" name="test_save_step_2_professional" time="0.270" /><testcase classname="tests.test_onboarding.TestOnboardingAPIs" name="test_save_step_3_skills" time="0.271" /><testcase classname="tests.test_onboarding.TestOnboardingAPIs" name="test_save_step_4_cv_info" time="0.268" /><testcase classname="tests.test_onboarding.TestOnboardingAPIs" name="test_save_step_5_experience" time="0.274" /><testcase classname="tests.test_onboarding.TestOnboardingAPIs" name="test_save_step_6_profile_boost" time="0.270" /><testcase classname="tests.test_onboarding.TestOnboardingAPIs" name="test_save_invalid_step" time="0.270" /><testcase classname="tests.test_onboarding.TestOnboardingAPIs" name="test_skip_onboarding_endpoint" time="0.271" /><testcase classname="tests.test_onboarding.TestOnboardingAPIs" name="test_skip_onboarding_requires_auth" time="0.019" /><testcase classname="tests.test_onboarding.TestFileUploadAPIs" name="test_cv_upload_endpoint_exists" time="0.270" /><testcase classname="tests.test_onboarding.TestFileUploadAPIs" name="test_cv_upload_with_test_file" time="0.264" /><testcase classname="tests.test_onboarding.TestFileUploadAPIs" name="test_profile_picture_upload_endpoint" time="0.267" /><testcase classname="tests.test_onboarding.TestFileUploadAPIs" name="test_profile_picture_upload_with_image" time="0.263" /><testcase classname="tests.test_onboarding.TestFileUploadAPIs" name="test_document_upload_endpoint" time="0.264" /><testcase classname="tests.test_onboarding.TestFileUploadAPIs" name="test_document_upload_with_file" time="0.260" /><testcase classname="tests.test_onboarding.TestOnboardingUserFlow" name="test_onboarding_completed_flag_after_step6" time="0.274" /><testcase classname="tests.test_onboarding.TestOnboardingUserFlow" name="test_progress_bar_percentages" time="0.427" /><testcase classname="tests.test_onboarding.TestOnboardingUserFlow" name="test_auth_me_includes_onboarding_fields" time="0.265" /></testsuite></testsuites>