<?xml version="1.0" encoding="utf-8"?><testsuites name="pytest tests"><testsuite name="pytest" errors="0" failures="0" skipped="0" tests="22" time="3.381" timestamp="2026-02-09T11:38:36.241499+00:00" hostname="agent-env-bdb74268-4e72-4cce-ab13-1c1c81534e89"><testcase classname="tests.test_saas_features.TestHealthCheck" name="test_health_endpoint" time="0.060" /><testcase classname="tests.test_saas_features.TestTiersEndpoint" name="test_get_all_tiers" time="0.023" /><testcase classname="tests.test_saas_features.TestTiersEndpoint" name="test_starter_tier_pricing" time="0.026" /><testcase classname="tests.test_saas_features.TestTiersEndpoint" name="test_growth_tier_pricing" time="0.021" /><testcase classname="tests.test_saas_features.TestTiersEndpoint" name="test_pro_tier_pricing" time="0.020" /><testcase classname="tests.test_saas_features.TestTiersEndpoint" name="test_enterprise_tier_pricing" time="0.021" /><testcase classname="tests.test_saas_features.TestTiersEndpoint" name="test_tier_features_included" time="0.016" /><testcase classname="tests.test_saas_features.TestAuthentication" name="test_admin_login" time="0.283" /><testcase classname="tests.test_saas_features.TestAuthentication" name="test_recruiter_login" time="0.260" /><testcase classname="tests.test_saas_features.TestAuthentication" name="test_invalid_login" time="0.019" /><testcase classname="tests.test_saas_features.TestAccountEndpoint" name="test_get_account_requires_auth" time="0.018" /><testcase classname="tests.test_saas_features.TestAccountEndpoint" name="test_get_account_with_auth" time="0.292" /><testcase classname="tests.test_saas_features.TestAccountEndpoint" name="test_admin_cannot_access_account" time="0.272" /><testcase classname="tests.test_saas_features.TestPaymentSubscription" name="test_subscription_requires_auth" time="0.016" /><testcase classname="tests.test_saas_features.TestPaymentSubscription" name="test_initiate_subscription_payment" time="0.310" /><testcase classname="tests.test_saas_features.TestPaymentSubscription" name="test_subscription_payment_correct_tier_amount" time="0.279" /><testcase classname="tests.test_saas_features.TestPublicEndpoints" name="test_public_jobs_no_auth" time="0.026" /><testcase classname="tests.test_saas_features.TestPublicEndpoints" name="test_tiers_no_auth" time="0.015" /><testcase classname="tests.test_saas_features.TestRecruitersByTier" name="test_starter_recruiter_account" time="0.315" /><testcase classname="tests.test_saas_features.TestRecruitersByTier" name="test_growth_recruiter_account" time="0.280" /><testcase classname="tests.test_saas_features.TestRecruitersByTier" name="test_pro_recruiter_account" time="0.279" /><testcase classname="tests.test_saas_features.TestRecruitersByTier" name="test_enterprise_recruiter_account" time="0.283" /></testsuite></testsuites>