<?xml version="1.0" encoding="utf-8"?><testsuites name="pytest tests"><testsuite name="pytest" errors="0" failures="0" skipped="0" tests="15" time="5.071" timestamp="2026-06-04T13:21:28.138135+00:00" hostname="agent-env-cc21ed68-62f5-46cd-a467-b687f0fb3c90"><testcase classname="backend.tests.test_wallet_auto_topup.TestWalletAutoTopup" name="test_card_status_returns_has_card_false_for_new_user" time="0.509" /><testcase classname="backend.tests.test_wallet_auto_topup.TestWalletAutoTopup" name="test_card_status_requires_auth" time="0.102" /><testcase classname="backend.tests.test_wallet_auto_topup.TestWalletAutoTopup" name="test_get_auto_topup_returns_default_settings" time="0.381" /><testcase classname="backend.tests.test_wallet_auto_topup.TestWalletAutoTopup" name="test_save_auto_topup_settings_without_enabling" time="0.443" /><testcase classname="backend.tests.test_wallet_auto_topup.TestWalletAutoTopup" name="test_enable_auto_topup_fails_without_saved_card" time="0.428" /><testcase classname="backend.tests.test_wallet_auto_topup.TestWalletAutoTopup" name="test_auto_topup_threshold_validation" time="0.407" /><testcase classname="backend.tests.test_wallet_auto_topup.TestWalletAutoTopup" name="test_auto_topup_amount_validation" time="0.488" /><testcase classname="backend.tests.test_wallet_auto_topup.TestWalletAutoTopup" name="test_setup_card_returns_payfast_form_data" time="0.489" /><testcase classname="backend.tests.test_wallet_auto_topup.TestWalletAutoTopup" name="test_setup_card_requires_auth" time="0.094" /><testcase classname="backend.tests.test_wallet_auto_topup.TestWalletAutoTopup" name="test_remove_card_idempotent" time="0.464" /><testcase classname="backend.tests.test_wallet_auto_topup.TestWalletAutoTopup" name="test_remove_card_requires_auth" time="0.116" /><testcase classname="backend.tests.test_wallet_auto_topup.TestWalletAutoTopup" name="test_itn_webhook_accepts_post_without_auth" time="0.084" /><testcase classname="backend.tests.test_wallet_auto_topup.TestWalletAutoTopup" name="test_itn_webhook_handles_cancelled_status" time="0.089" /><testcase classname="backend.tests.test_wallet_auto_topup.TestWalletAutoTopup" name="test_recruiter_cannot_access_wallet_endpoints" time="0.460" /><testcase classname="backend.tests.test_wallet_auto_topup.TestWalletAutoTopup" name="test_cleanup_restore_default_settings" time="0.380" /></testsuite></testsuites>