<?xml version="1.0" encoding="utf-8"?><testsuites name="pytest tests"><testsuite name="pytest" errors="0" failures="0" skipped="0" tests="11" time="4.151" timestamp="2026-04-06T05:27:23.172493+00:00" hostname="agent-env-cc21ed68-62f5-46cd-a467-b687f0fb3c90"><testcase classname="backend.tests.test_billing_cycle_enforcement.TestBillingCycleEnforcement" name="test_admin_subscription_overview_returns_status_counts" time="0.556" /><testcase classname="backend.tests.test_billing_cycle_enforcement.TestBillingCycleEnforcement" name="test_admin_subscription_overview_requires_admin" time="0.375" /><testcase classname="backend.tests.test_billing_cycle_enforcement.TestBillingCycleEnforcement" name="test_auth_me_returns_subscription_status_for_recruiter" time="0.400" /><testcase classname="backend.tests.test_billing_cycle_enforcement.TestBillingCycleEnforcement" name="test_admin_reactivate_endpoint_exists" time="0.372" /><testcase classname="backend.tests.test_billing_cycle_enforcement.TestBillingCycleEnforcement" name="test_admin_reactivate_requires_admin" time="0.383" /><testcase classname="backend.tests.test_billing_cycle_enforcement.TestBillingCycleEnforcement" name="test_payment_webhook_endpoint_exists" time="0.257" /><testcase classname="backend.tests.test_billing_cycle_enforcement.TestBillingCycleEnforcement" name="test_payment_webhook_handles_token_based_recurring" time="0.078" /><testcase classname="backend.tests.test_billing_cycle_enforcement.TestBillingCycleEnforcement" name="test_recruiter_account_has_required_fields" time="0.370" /><testcase classname="backend.tests.test_billing_cycle_enforcement.TestAdminDashboardIntegration" name="test_admin_can_view_all_subscription_statuses" time="0.382" /><testcase classname="backend.tests.test_billing_cycle_enforcement.TestAdminDashboardIntegration" name="test_grace_period_accounts_have_days_remaining" time="0.367" /><testcase classname="backend.tests.test_billing_cycle_enforcement.TestAdminDashboardIntegration" name="test_suspended_accounts_have_deactivation_info" time="0.400" /></testsuite></testsuites>