<?xml version="1.0" encoding="utf-8"?><testsuites name="pytest tests"><testsuite name="pytest" errors="0" failures="0" skipped="0" tests="24" time="9.384" timestamp="2026-02-26T09:01:21.761094+00:00" hostname="agent-env-aec968e5-b589-4477-953f-a710c1b9c5b9"><testcase classname="backend.tests.test_jobs_dashboard.TestJobsDashboardEndpoints" name="test_dashboard_returns_200" time="0.565" /><testcase classname="backend.tests.test_jobs_dashboard.TestJobsDashboardEndpoints" name="test_dashboard_contains_stats" time="0.391" /><testcase classname="backend.tests.test_jobs_dashboard.TestJobsDashboardEndpoints" name="test_dashboard_contains_jobs_list" time="0.473" /><testcase classname="backend.tests.test_jobs_dashboard.TestJobsDashboardEndpoints" name="test_job_stats_structure" time="0.379" /><testcase classname="backend.tests.test_jobs_dashboard.TestJobsDashboardEndpoints" name="test_dashboard_search_filter" time="0.451" /><testcase classname="backend.tests.test_jobs_dashboard.TestJobsDashboardEndpoints" name="test_dashboard_sort_by_newest" time="0.405" /><testcase classname="backend.tests.test_jobs_dashboard.TestJobsDashboardEndpoints" name="test_dashboard_sort_by_expiring_soon" time="0.405" /><testcase classname="backend.tests.test_jobs_dashboard.TestJobsDashboardEndpoints" name="test_dashboard_sort_by_most_applications" time="0.391" /><testcase classname="backend.tests.test_jobs_dashboard.TestJobsDashboardEndpoints" name="test_dashboard_include_expired_false" time="0.381" /><testcase classname="backend.tests.test_jobs_dashboard.TestJobsDashboardEndpoints" name="test_dashboard_include_expired_true" time="0.407" /><testcase classname="backend.tests.test_jobs_dashboard.TestJobsDashboardEndpoints" name="test_update_notes_returns_200" time="0.439" /><testcase classname="backend.tests.test_jobs_dashboard.TestJobsDashboardEndpoints" name="test_update_notes_persists" time="0.481" /><testcase classname="backend.tests.test_jobs_dashboard.TestJobsDashboardEndpoints" name="test_update_notes_nonexistent_job_returns_404" time="0.387" /><testcase classname="backend.tests.test_jobs_dashboard.TestJobsDashboardEndpoints" name="test_reactivate_job_endpoint_exists" time="0.442" /><testcase classname="backend.tests.test_jobs_dashboard.TestJobsDashboardEndpoints" name="test_reactivate_with_different_extension_days" time="0.456" /><testcase classname="backend.tests.test_jobs_dashboard.TestJobsDashboardEndpoints" name="test_reactivate_nonexistent_job_returns_404" time="0.386" /><testcase classname="backend.tests.test_jobs_dashboard.TestJobsDashboardEndpoints" name="test_get_applicants_returns_200" time="0.433" /><testcase classname="backend.tests.test_jobs_dashboard.TestJobsDashboardEndpoints" name="test_get_applicants_structure" time="0.429" /><testcase classname="backend.tests.test_jobs_dashboard.TestJobsDashboardEndpoints" name="test_get_applicants_with_status_filter" time="0.716" /><testcase classname="backend.tests.test_jobs_dashboard.TestJobsDashboardEndpoints" name="test_get_applicants_nonexistent_job_returns_404" time="0.366" /><testcase classname="backend.tests.test_jobs_dashboard.TestDashboardAuthorization" name="test_dashboard_requires_auth" time="0.088" /><testcase classname="backend.tests.test_jobs_dashboard.TestDashboardAuthorization" name="test_notes_requires_auth" time="0.103" /><testcase classname="backend.tests.test_jobs_dashboard.TestDashboardAuthorization" name="test_reactivate_requires_auth" time="0.082" /><testcase classname="backend.tests.test_jobs_dashboard.TestDashboardAuthorization" name="test_applicants_requires_auth" time="0.082" /></testsuite></testsuites>