<?xml version="1.0" encoding="utf-8"?><testsuites name="pytest tests"><testsuite name="pytest" errors="0" failures="0" skipped="0" tests="18" time="2.970" timestamp="2026-02-09T18:59:23.077699+00:00" hostname="agent-env-058ebc97-e401-4ac9-808f-56d1ffb94973"><testcase classname="backend.tests.test_analytics_dashboard.TestAdminAnalyticsEndpoint" name="test_admin_login_succeeds" time="0.336" /><testcase classname="backend.tests.test_analytics_dashboard.TestAdminAnalyticsEndpoint" name="test_analytics_endpoint_returns_200_for_admin" time="0.360" /><testcase classname="backend.tests.test_analytics_dashboard.TestAdminAnalyticsEndpoint" name="test_analytics_response_contains_monthly_trends" time="0.057" /><testcase classname="backend.tests.test_analytics_dashboard.TestAdminAnalyticsEndpoint" name="test_analytics_response_contains_jobs_by_industry" time="0.062" /><testcase classname="backend.tests.test_analytics_dashboard.TestAdminAnalyticsEndpoint" name="test_analytics_response_contains_jobs_by_location" time="0.057" /><testcase classname="backend.tests.test_analytics_dashboard.TestAdminAnalyticsEndpoint" name="test_analytics_response_contains_work_type_and_job_type" time="0.069" /><testcase classname="backend.tests.test_analytics_dashboard.TestAdminAnalyticsEndpoint" name="test_analytics_response_contains_onboarding_stats" time="0.067" /><testcase classname="backend.tests.test_analytics_dashboard.TestAdminAnalyticsEndpoint" name="test_analytics_response_contains_accounts_detail" time="0.063" /><testcase classname="backend.tests.test_analytics_dashboard.TestAdminAnalyticsEndpoint" name="test_analytics_endpoint_denied_for_recruiter" time="0.275" /><testcase classname="backend.tests.test_analytics_dashboard.TestAdminAnalyticsEndpoint" name="test_analytics_endpoint_denied_for_job_seeker" time="0.278" /><testcase classname="backend.tests.test_analytics_dashboard.TestAdminAnalyticsEndpoint" name="test_analytics_endpoint_denied_without_auth" time="0.021" /><testcase classname="backend.tests.test_analytics_dashboard.TestAdminStatsEndpoint" name="test_admin_stats_endpoint_returns_200" time="0.299" /><testcase classname="backend.tests.test_analytics_dashboard.TestAdminStatsEndpoint" name="test_admin_stats_contains_summary" time="0.017" /><testcase classname="backend.tests.test_analytics_dashboard.TestAdminStatsEndpoint" name="test_admin_stats_contains_tier_distribution" time="0.024" /><testcase classname="backend.tests.test_analytics_dashboard.TestAdminStatsEndpoint" name="test_admin_stats_force_refresh" time="0.043" /><testcase classname="backend.tests.test_analytics_dashboard.TestNavigationAnalyticsLink" name="test_admin_user_has_analytics_role" time="0.251" /><testcase classname="backend.tests.test_analytics_dashboard.TestNavigationAnalyticsLink" name="test_recruiter_user_has_recruiter_role" time="0.250" /><testcase classname="backend.tests.test_analytics_dashboard.TestNavigationAnalyticsLink" name="test_job_seeker_has_job_seeker_role" time="0.256" /></testsuite></testsuites>