<?xml version="1.0" encoding="utf-8"?><testsuites name="pytest tests"><testsuite name="pytest" errors="0" failures="0" skipped="0" tests="12" time="5.204" timestamp="2026-02-26T07:22:56.706553+00:00" hostname="agent-env-5110d123-2d7e-41a2-a254-d71b8ceddf7c"><testcase classname="tests.test_applications.TestApplicationWorkflow" name="test_recruiter_login" time="0.438" /><testcase classname="tests.test_applications.TestApplicationWorkflow" name="test_job_seeker_login" time="0.357" /><testcase classname="tests.test_applications.TestApplicationWorkflow" name="test_recruiter_get_applications" time="0.447" /><testcase classname="tests.test_applications.TestApplicationWorkflow" name="test_job_seeker_get_applications" time="0.399" /><testcase classname="tests.test_applications.TestApplicationWorkflow" name="test_get_public_jobs" time="0.101" /><testcase classname="tests.test_applications.TestApplicationWorkflow" name="test_job_seeker_apply_to_job" time="0.525" /><testcase classname="tests.test_applications.TestApplicationWorkflow" name="test_application_appears_for_recruiter" time="0.371" /><testcase classname="tests.test_applications.TestApplicationWorkflow" name="test_job_seeker_withdraw_application" time="0.508" /><testcase classname="tests.test_applications.TestApplicationWorkflow" name="test_cannot_withdraw_twice" time="0.595" /><testcase classname="tests.test_applications.TestApplicationWorkflow" name="test_recruiter_cannot_withdraw" time="0.419" /><testcase classname="tests.test_applications.TestApplicationDataStructure" name="test_recruiter_application_structure" time="0.408" /><testcase classname="tests.test_applications.TestApplicationDataStructure" name="test_job_seeker_application_structure" time="0.424" /></testsuite></testsuites>