<?xml version="1.0" encoding="utf-8"?><testsuites name="pytest tests"><testsuite name="pytest" errors="0" failures="0" skipped="0" tests="30" time="5.404" timestamp="2026-02-10T09:21:57.648184+00:00" hostname="agent-env-058ebc97-e401-4ac9-808f-56d1ffb94973"><testcase classname="backend.tests.test_admin_account_management.TestAdminAccountDetail" name="test_admin_get_account_detail_success" time="0.386" /><testcase classname="backend.tests.test_admin_account_management.TestAdminAccountDetail" name="test_non_admin_cannot_get_account_detail" time="0.287" /><testcase classname="backend.tests.test_admin_account_management.TestAdminAccountDetail" name="test_admin_get_nonexistent_account" time="0.021" /><testcase classname="backend.tests.test_admin_account_management.TestAdminChangeTier" name="test_admin_change_tier_to_growth" time="0.291" /><testcase classname="backend.tests.test_admin_account_management.TestAdminChangeTier" name="test_tier_change_logged_in_audit" time="0.024" /><testcase classname="backend.tests.test_admin_account_management.TestAdminChangeTier" name="test_admin_revert_tier_to_starter" time="0.024" /><testcase classname="backend.tests.test_admin_account_management.TestAdminChangeTier" name="test_admin_change_tier_invalid_tier" time="0.026" /><testcase classname="backend.tests.test_admin_account_management.TestAdminChangeTier" name="test_non_admin_cannot_change_tier" time="0.283" /><testcase classname="backend.tests.test_admin_account_management.TestAdminGrantAddon" name="test_admin_grant_addon" time="0.296" /><testcase classname="backend.tests.test_admin_account_management.TestAdminGrantAddon" name="test_addon_grant_logged_in_audit" time="0.025" /><testcase classname="backend.tests.test_admin_account_management.TestAdminGrantAddon" name="test_admin_grant_duplicate_addon_fails" time="0.024" /><testcase classname="backend.tests.test_admin_account_management.TestAdminGrantAddon" name="test_admin_grant_invalid_addon" time="0.022" /><testcase classname="backend.tests.test_admin_account_management.TestAdminGrantAddon" name="test_non_admin_cannot_grant_addon" time="0.272" /><testcase classname="backend.tests.test_admin_account_management.TestAdminRevokeAddon" name="test_admin_revoke_addon" time="0.340" /><testcase classname="backend.tests.test_admin_account_management.TestAdminRevokeAddon" name="test_addon_revoke_logged_in_audit" time="0.027" /><testcase classname="backend.tests.test_admin_account_management.TestAdminRevokeAddon" name="test_admin_revoke_nonexistent_addon" time="0.020" /><testcase classname="backend.tests.test_admin_account_management.TestAdminRevokeAddon" name="test_non_admin_cannot_revoke_addon" time="0.327" /><testcase classname="backend.tests.test_admin_account_management.TestAdminAddSeats" name="test_admin_add_seats" time="0.313" /><testcase classname="backend.tests.test_admin_account_management.TestAdminAddSeats" name="test_seats_logged_in_audit" time="0.028" /><testcase classname="backend.tests.test_admin_account_management.TestAdminAddSeats" name="test_admin_add_seats_invalid_quantity" time="0.024" /><testcase classname="backend.tests.test_admin_account_management.TestAdminAddSeats" name="test_non_admin_cannot_add_seats" time="0.296" /><testcase classname="backend.tests.test_admin_account_management.TestAdminAddCredits" name="test_admin_add_credits" time="0.282" /><testcase classname="backend.tests.test_admin_account_management.TestAdminAddCredits" name="test_credit_balance_reflected_in_account" time="0.022" /><testcase classname="backend.tests.test_admin_account_management.TestAdminAddCredits" name="test_credits_logged_in_audit" time="0.029" /><testcase classname="backend.tests.test_admin_account_management.TestAdminAddCredits" name="test_admin_add_credits_invalid_amount" time="0.024" /><testcase classname="backend.tests.test_admin_account_management.TestAdminAddCredits" name="test_non_admin_cannot_add_credits" time="0.275" /><testcase classname="backend.tests.test_admin_account_management.TestAdminAuditLog" name="test_admin_get_audit_log" time="0.291" /><testcase classname="backend.tests.test_admin_account_management.TestAdminAuditLog" name="test_non_admin_cannot_get_audit_log" time="0.272" /><testcase classname="backend.tests.test_admin_account_management.TestAdminStatsAccountsList" name="test_admin_stats_returns_accounts" time="0.305" /><testcase classname="backend.tests.test_admin_account_management.TestAdminStatsAccountsList" name="test_non_admin_cannot_get_admin_stats" time="0.299" /></testsuite></testsuites>