<?xml version="1.0" encoding="utf-8"?><testsuites name="pytest tests"><testsuite name="pytest" errors="0" failures="0" skipped="0" tests="14" time="3.472" timestamp="2026-06-05T09:23:16.741354+00:00" hostname="agent-env-cc21ed68-62f5-46cd-a467-b687f0fb3c90"><testcase classname="backend.tests.test_admin_bulk_upload.TestAdminBulkUpload" name="test_template_download_csv_admin" time="0.569" /><testcase classname="backend.tests.test_admin_bulk_upload.TestAdminBulkUpload" name="test_template_download_xlsx_admin" time="0.588" /><testcase classname="backend.tests.test_admin_bulk_upload.TestAdminBulkUpload" name="test_template_download_no_auth" time="0.083" /><testcase classname="backend.tests.test_admin_bulk_upload.TestAdminBulkUpload" name="test_template_download_recruiter_forbidden" time="0.479" /><testcase classname="backend.tests.test_admin_bulk_upload.TestAdminBulkUpload" name="test_template_download_job_seeker_forbidden" time="0.428" /><testcase classname="backend.tests.test_admin_bulk_upload.TestAdminBulkUpload" name="test_bulk_upload_no_auth" time="0.124" /><testcase classname="backend.tests.test_admin_bulk_upload.TestAdminBulkUpload" name="test_bulk_upload_recruiter_forbidden" time="0.096" /><testcase classname="backend.tests.test_admin_bulk_upload.TestAdminBulkUpload" name="test_bulk_upload_job_seeker_forbidden" time="0.093" /><testcase classname="backend.tests.test_admin_bulk_upload.TestAdminBulkUpload" name="test_bulk_upload_valid_csv" time="0.139" /><testcase classname="backend.tests.test_admin_bulk_upload.TestAdminBulkUpload" name="test_bulk_upload_missing_title_rejected" time="0.078" /><testcase classname="backend.tests.test_admin_bulk_upload.TestAdminBulkUpload" name="test_bulk_upload_empty_fields_default_to_tbc" time="0.197" /><testcase classname="backend.tests.test_admin_bulk_upload.TestAdminBulkUpload" name="test_bulk_upload_job_link_maps_to_application_url" time="0.206" /><testcase classname="backend.tests.test_admin_bulk_upload.TestAdminBulkUpload" name="test_bulk_upload_unsupported_format" time="0.082" /><testcase classname="backend.tests.test_admin_bulk_upload.TestAdminBulkUpload" name="test_bulk_upload_empty_rows_skipped" time="0.088" /></testsuite></testsuites>